1616482845157	geckodriver	INFO	Listening on 127.0.0.1:64330
1616482845814	mozrunner::runner	INFO	Running command: "/Applications/Firefox.app/Contents/MacOS/firefox-bin" "--marionette" "-foreground" "-no-remote" "-profile" "/var/folders/90/rs59g16j5tjfq09b1264m0sc0000gn/T/rust_mozprofilewKvCIU"
console.warn: SearchSettings: "get: No settings file exists, new profile?" (new Error("", "(unknown module)"))
1616482848350	Marionette	INFO	Listening on port 64347
1616482848412	Marionette	WARN	TLS certificate errors will be ignored for this session
JavaScript warning: https://apps.bdimg.com/libs/jquery/1.10.2/jquery.min.js, line 2: Using //@ to indicate sourceMappingURL pragmas is deprecated. Use //# instead
1616482857955	Marionette	INFO	Stopped listening on port 64347
JavaScript error: resource://gre/modules/AsyncShutdown.jsm, line 573: NotFoundError: No such JSWindowActor 'MarionetteEvents'
JavaScript error: resource://activity-stream/lib/ASRouter.jsm, line 988: NS_ERROR_ILLEGAL_VALUE: Component returned failure code: 0x80070057 (NS_ERROR_ILLEGAL_VALUE) [nsIObserverService.removeObserver]
JavaScript error: , line 0: uncaught exception: undefined
JavaScript error: , line 0: AbortError: A request was aborted, for example through a call to IDBTransaction.abort.

###!!! [Parent][RunMessage] Error: Channel closing: too late to send/recv, messages will be lost

1616482915173	geckodriver	INFO	Listening on 127.0.0.1:64729
1616482915185	mozrunner::runner	INFO	Running command: "/Applications/Firefox.app/Contents/MacOS/firefox-bin" "--marionette" "-foreground" "-no-remote" "-profile" "/var/folders/90/rs59g16j5tjfq09b1264m0sc0000gn/T/rust_mozprofileJDrRdC"
console.warn: SearchSettings: "get: No settings file exists, new profile?" (new Error("", "(unknown module)"))
1616482917544	Marionette	INFO	Listening on port 64738
1616482917569	Marionette	WARN	TLS certificate errors will be ignored for this session
JavaScript warning: https://apps.bdimg.com/libs/jquery/1.10.2/jquery.min.js, line 2: Using //@ to indicate sourceMappingURL pragmas is deprecated. Use //# instead
1616482923765	Marionette	INFO	Stopped listening on port 64738
JavaScript error: resource://activity-stream/lib/ASRouter.jsm, line 988: NS_ERROR_ILLEGAL_VALUE: Component returned failure code: 0x80070057 (NS_ERROR_ILLEGAL_VALUE) [nsIObserverService.removeObserver]
JavaScript error: , line 0: uncaught exception: undefined
JavaScript error: , line 0: AbortError: A request was aborted, for example through a call to IDBTransaction.abort.

###!!! [Parent][RunMessage] Error: Channel closing: too late to send/recv, messages will be lost

1616482954913	geckodriver	INFO	Listening on 127.0.0.1:64993
1616482954925	mozrunner::runner	INFO	Running command: "/Applications/Firefox.app/Contents/MacOS/firefox-bin" "--marionette" "-foreground" "-no-remote" "-profile" "/var/folders/90/rs59g16j5tjfq09b1264m0sc0000gn/T/rust_mozprofileJPbuvo"
console.warn: SearchSettings: "get: No settings file exists, new profile?" (new Error("", "(unknown module)"))
1616482957652	Marionette	INFO	Listening on port 65002
1616482957734	Marionette	WARN	TLS certificate errors will be ignored for this session
JavaScript warning: https://apps.bdimg.com/libs/jquery/1.10.2/jquery.min.js, line 2: Using //@ to indicate sourceMappingURL pragmas is deprecated. Use //# instead
1616482962495	Marionette	INFO	Stopped listening on port 65002
JavaScript error: resource://activity-stream/lib/ASRouter.jsm, line 988: NS_ERROR_ILLEGAL_VALUE: Component returned failure code: 0x80070057 (NS_ERROR_ILLEGAL_VALUE) [nsIObserverService.removeObserver]
JavaScript error: , line 0: uncaught exception: undefined

###!!! [Parent][RunMessage] Error: Channel closing: too late to send/recv, messages will be lost

